<?xml version="1.0" encoding="UTF-8"?>
<testng-results ignored="0" total="2" passed="1" failed="1" skipped="0">
  <reporter-output>
  </reporter-output>
  <suite started-at="2023-01-13T15:28:07 IST" name="Default suite" finished-at="2023-01-13T15:28:52 IST" duration-ms="45372">
    <groups>
      <group name="cucumber">
        <method signature="AbstractTestNGCucumberTests.runScenario(io.cucumber.testng.PickleWrapper,io.cucumber.testng.FeatureWrapper)[pri:0, instance:CucumberRunner.Testngrunner@179ece50]" name="runScenario" class="io.cucumber.testng.AbstractTestNGCucumberTests"/>
      </group> <!-- cucumber -->
    </groups>
    <test started-at="2023-01-13T15:28:07 IST" name="Default test" finished-at="2023-01-13T15:28:52 IST" duration-ms="45372">
      <class name="CucumberRunner.Testngrunner">
        <test-method is-config="true" signature="setUpClass(org.testng.ITestContext)[pri:0, instance:CucumberRunner.Testngrunner@179ece50]" started-at="2023-01-13T15:28:07 IST" name="setUpClass" finished-at="2023-01-13T15:28:09 IST" duration-ms="1581" status="PASS">
          <params>
            <param index="0">
              <value>
                <![CDATA[org.testng.TestRunner@6afeaf2d]]>
              </value>
            </param>
          </params>
          <reporter-output>
          </reporter-output>
        </test-method> <!-- setUpClass -->
        <test-method signature="runScenario(io.cucumber.testng.PickleWrapper,io.cucumber.testng.FeatureWrapper)[pri:0, instance:CucumberRunner.Testngrunner@179ece50]" started-at="2023-01-13T15:28:09 IST" name="runScenario" description="Runs Cucumber Scenarios" data-provider="scenarios" finished-at="2023-01-13T15:28:34 IST" duration-ms="24738" status="PASS">
          <params>
            <param index="0">
              <value>
                <![CDATA["Searching a product on Greenkart website"]]>
              </value>
            </param>
            <param index="1">
              <value>
                <![CDATA["Cheakout product to cart"]]>
              </value>
            </param>
          </params>
          <reporter-output>
          </reporter-output>
        </test-method> <!-- runScenario -->
        <test-method signature="runScenario(io.cucumber.testng.PickleWrapper,io.cucumber.testng.FeatureWrapper)[pri:0, instance:CucumberRunner.Testngrunner@179ece50]" started-at="2023-01-13T15:28:34 IST" name="runScenario" description="Runs Cucumber Scenarios" data-provider="scenarios" finished-at="2023-01-13T15:28:51 IST" duration-ms="17793" status="FAIL">
          <params>
            <param index="0">
              <value>
                <![CDATA["Searching a product on Greenkart website"]]>
              </value>
            </param>
            <param index="1">
              <value>
                <![CDATA["Cheakout product to cart"]]>
              </value>
            </param>
          </params>
          <exception class="java.lang.AssertionError">
            <message>
              <![CDATA[test is fail expected [Beans] but found [Bean]]]>
            </message>
            <full-stacktrace>
              <![CDATA[java.lang.AssertionError: test is fail expected [Beans] but found [Bean]
at org.testng.Assert.fail(Assert.java:110)
at org.testng.Assert.failNotEquals(Assert.java:1413)
at org.testng.Assert.assertEqualsImpl(Assert.java:149)
at org.testng.Assert.assertEquals(Assert.java:131)
at org.testng.Assert.assertEquals(Assert.java:655)
at Cucumberstepdefinatons.Checkoutpagestepdefinations.user_is_proceeds_to_the_cheack_validate_the_productname_in_the_checkout_page(Checkoutpagestepdefinations.java:35)
at âœ½.User is proceeds to the cheack validate the productname Bean in the checkout page(file:///C:/Users/Kunal/eclipse-workspace/Greenkart/src/test/java/CucumberFeature/Cheackout.feature:8)
]]>
            </full-stacktrace>
          </exception> <!-- java.lang.AssertionError -->
          <reporter-output>
          </reporter-output>
        </test-method> <!-- runScenario -->
        <test-method is-config="true" signature="tearDownClass()[pri:0, instance:CucumberRunner.Testngrunner@179ece50]" started-at="2023-01-13T15:28:51 IST" name="tearDownClass" finished-at="2023-01-13T15:28:52 IST" duration-ms="1153" status="PASS">
          <reporter-output>
          </reporter-output>
        </test-method> <!-- tearDownClass -->
      </class> <!-- CucumberRunner.Testngrunner -->
    </test> <!-- Default test -->
  </suite> <!-- Default suite -->
</testng-results>
